<?xml version="1.0" encoding="UTF-8"?>
<!-- Generated by org.testng.reporters.JUnitReportReporter -->
<testsuite skipped="0" hostname="samsung-PC" name="ExtentReport.ExtentReport_Test" tests="1" failures="0" timestamp="2020-05-23T16:29:54 EDT" time="12.821" errors="0">
  <testcase name="invokingbrowser" time="12.821" classname="ExtentReport.ExtentReport_Test"/>
</testsuite> <!-- ExtentReport.ExtentReport_Test -->
