<?xml version="1.0" encoding="UTF-8"?>
<!-- Generated by org.testng.reporters.JUnitReportReporter -->
<testsuite skipped="0" hostname="samsung-PC" name="ExtentReport.Test_etentreport1" tests="1" failures="0" timestamp="2020-05-27T10:52:14 EDT" time="7.496" errors="0">
  <testcase name="mentorship_page" time="7.496" classname="ExtentReport.Test_etentreport1"/>
</testsuite> <!-- ExtentReport.Test_etentreport1 -->
