<?xml version="1.0" encoding="UTF-8"?>
<!-- Generated by org.testng.reporters.JUnitReportReporter -->
<testsuite skipped="0" hostname="samsung-PC" name="brokenlinks.TestLinks" tests="1" failures="0" timestamp="2020-05-16T00:59:30 EDT" time="57.978" errors="0">
  <testcase name="Link_validation" time="57.978" classname="brokenlinks.TestLinks"/>
</testsuite> <!-- brokenlinks.TestLinks -->
