<?xml version="1.0" encoding="UTF-8"?>
<!-- Generated by org.testng.reporters.JUnitReportReporter -->
<testsuite skipped="0" hostname="samsung-PC" name="Tables.WebTables" tests="1" failures="0" timestamp="2020-06-07T00:07:21 EDT" time="0.701" errors="0">
  <testcase name="tables" time="0.701" classname="Tables.WebTables"/>
</testsuite> <!-- Tables.WebTables -->
