<?xml version="1.0" encoding="UTF-8"?>
<!-- Generated by org.testng.reporters.JUnitReportReporter -->
<testsuite skipped="0" hostname="samsung-PC" name="Yahoo_testng_xml_parameter.yahoo_reg" tests="1" failures="0" timestamp="2020-05-13T19:39:39 EDT" time="6.669" errors="0">
  <testcase name="Yahoo_reg_test" time="6.669" classname="Yahoo_testng_xml_parameter.yahoo_reg"/>
</testsuite> <!-- Yahoo_testng_xml_parameter.yahoo_reg -->
